# JRE version: Java(TM) SE Runtime Environment (12.0.2+10) (build 12.0.2+10)
# Java VM: Java HotSpot(TM) 64-Bit Server VM (12.0.2+10, mixed mode, sharing, tiered, compressed oops, g1 gc, bsd-amd64)
Heap:
 garbage-first heap   total 505856K, used 483472K [0x0000000700000000, 0x0000000800000000)
  region size 1024K, 7 young (7168K), 6 survivors (6144K)
 Metaspace       used 15058K, capacity 15399K, committed 15872K, reserved 1062912K
  class space    used 1750K, capacity 1902K, committed 2048K, reserved 1048576K
GC Heap History (10 events):
Event: 22118.900 GC heap before
{Heap before GC invocations=48 (full 0):
 garbage-first heap   total 250880K, used 123412K [0x0000000700000000, 0x0000000800000000)
  region size 1024K, 5 young (5120K), 3 survivors (3072K)
 Metaspace       used 14973K, capacity 15335K, committed 15872K, reserved 1062912K
  class space    used 1750K, capacity 1902K, committed 2048K, reserved 1048576K
}
Event: 22118.903 GC heap after
{Heap after GC invocations=49 (full 0):
 garbage-first heap   total 250880K, used 118115K [0x0000000700000000, 0x0000000800000000)
  region size 1024K, 3 young (3072K), 3 survivors (3072K)
 Metaspace       used 14973K, capacity 15335K, committed 15872K, reserved 1062912K
  class space    used 1750K, capacity 1902K, committed 2048K, reserved 1048576K
}
Event: 22118.927 GC heap before
{Heap before GC invocations=50 (full 0):
 garbage-first heap   total 250880K, used 132451K [0x0000000700000000, 0x0000000800000000)
  region size 1024K, 4 young (4096K), 3 survivors (3072K)
 Metaspace       used 14973K, capacity 15335K, committed 15872K, reserved 1062912K
  class space    used 1750K, capacity 1902K, committed 2048K, reserved 1048576K
}
Event: 22118.932 GC heap after
{Heap after GC invocations=51 (full 0):
 garbage-first heap   total 250880K, used 118187K [0x0000000700000000, 0x0000000800000000)
  region size 1024K, 3 young (3072K), 3 survivors (3072K)
 Metaspace       used 14973K, capacity 15335K, committed 15872K, reserved 1062912K
  class space    used 1750K, capacity 1902K, committed 2048K, reserved 1048576K
}
Event: 24128.615 GC heap before
{Heap before GC invocations=52 (full 0):
 garbage-first heap   total 250880K, used 111019K [0x0000000700000000, 0x0000000800000000)
  region size 1024K, 5 young (5120K), 3 survivors (3072K)
 Metaspace       used 14977K, capacity 15335K, committed 15872K, reserved 1062912K
  class space    used 1750K, capacity 1902K, committed 2048K, reserved 1048576K
}
Event: 24128.621 GC heap after
{Heap after GC invocations=53 (full 0):
 garbage-first heap   total 250880K, used 65213K [0x0000000700000000, 0x0000000800000000)
  region size 1024K, 3 young (3072K), 3 survivors (3072K)
 Metaspace       used 14977K, capacity 15335K, committed 15872K, reserved 1062912K
  class space    used 1750K, capacity 1902K, committed 2048K, reserved 1048576K
}
Event: 24325.782 GC heap before
{Heap before GC invocations=54 (full 0):
 garbage-first heap   total 232448K, used 97981K [0x0000000700000000, 0x0000000800000000)
  region size 1024K, 7 young (7168K), 3 survivors (3072K)
 Metaspace       used 15000K, capacity 15335K, committed 15872K, reserved 1062912K
  class space    used 1750K, capacity 1902K, committed 2048K, reserved 1048576K
}
Event: 24325.894 GC heap after
{Heap after GC invocations=55 (full 0):
 garbage-first heap   total 232448K, used 96718K [0x0000000700000000, 0x0000000800000000)
  region size 1024K, 4 young (4096K), 4 survivors (4096K)
 Metaspace       used 15000K, capacity 15335K, committed 15872K, reserved 1062912K
  class space    used 1750K, capacity 1902K, committed 2048K, reserved 1048576K
}
Event: 24953.500 GC heap before
{Heap before GC invocations=56 (full 0):
 garbage-first heap   total 498688K, used 494030K [0x0000000700000000, 0x0000000800000000)
  region size 1024K, 18 young (18432K), 4 survivors (4096K)
 Metaspace       used 15058K, capacity 15399K, committed 15872K, reserved 1062912K
  class space    used 1750K, capacity 1902K, committed 2048K, reserved 1048576K
}
Event: 24953.510 GC heap after
{Heap after GC invocations=57 (full 0):
 garbage-first heap   total 505856K, used 483472K [0x0000000700000000, 0x0000000800000000)
  region size 1024K, 6 young (6144K), 6 survivors (6144K)
 Metaspace       used 15058K, capacity 15399K, committed 15872K, reserved 1062912K
  class space    used 1750K, capacity 1902K, committed 2048K, reserved 1048576K
}

